Build started 3/7/2016 5:18:55 PM.
     1>Project "C:\Users\100490143\Documents\GitHub\FlippinFlapJacks\Phase3\BankingSystem\BankingSystem.vcxproj" on node 2 (build target(s)).
     1>InitializeBuildStatus:
         Creating "Debug\BankingSystem.unsuccessfulbuild" because "AlwaysCreate" was specified.
       ClCompile:
         All outputs are up-to-date.
         c:\Program Files (x86)\Microsoft Visual Studio 10.0\VC\bin\CL.exe /c /ZI /nologo /W3 /WX- /Od /Oy- /D WIN32 /D _DEBUG /D _CONSOLE /D _UNICODE /D UNICODE /Gm /EHsc /RTC1 /MDd /GS /fp:precise /Zc:wchar_t /Zc:forScope /Yu"StdAfx.h" /Fp"Debug\BankingSystem.pch" /Fo"Debug\\" /Fd"Debug\vc100.pdb" /Gd /TP /analyze- /errorReport:prompt AccountHelper.cpp BankingSystem.cpp TransactionsHelper.cpp
         AccountHelper.cpp
     1>c:\users\100490143\documents\github\flippinflapjacks\phase3\bankingsystem\accounthelper.cpp(40): warning C4018: '<' : signed/unsigned mismatch
     1>c:\users\100490143\documents\github\flippinflapjacks\phase3\bankingsystem\accounthelper.cpp(74): error C2143: syntax error : missing ')' before ';'
     1>c:\users\100490143\documents\github\flippinflapjacks\phase3\bankingsystem\accounthelper.cpp(74): error C2059: syntax error : ')'
     1>c:\users\100490143\documents\github\flippinflapjacks\phase3\bankingsystem\accounthelper.cpp(75): warning C4390: ';' : empty controlled statement found; is this the intent?
     1>c:\users\100490143\documents\github\flippinflapjacks\phase3\bankingsystem\accounthelper.cpp(79): error C2181: illegal else without matching if
     1>c:\users\100490143\documents\github\flippinflapjacks\phase3\bankingsystem\accounthelper.cpp(91): warning C4018: '<' : signed/unsigned mismatch
     1>c:\users\100490143\documents\github\flippinflapjacks\phase3\bankingsystem\accounthelper.cpp(108): warning C4018: '<' : signed/unsigned mismatch
     1>c:\users\100490143\documents\github\flippinflapjacks\phase3\bankingsystem\accounthelper.cpp(123): warning C4018: '<' : signed/unsigned mismatch
     1>c:\users\100490143\documents\github\flippinflapjacks\phase3\bankingsystem\accounthelper.cpp(141): warning C4018: '<' : signed/unsigned mismatch
         Generating Code...
         Compiling...
         BankingSystem.cpp
         Generating Code...
         Compiling...
         TransactionsHelper.cpp
     1>c:\users\100490143\documents\github\flippinflapjacks\phase3\bankingsystem\transactionshelper.cpp(5): warning C4305: 'initializing' : truncation from 'double' to 'const float'
     1>c:\users\100490143\documents\github\flippinflapjacks\phase3\bankingsystem\transactionshelper.cpp(72): warning C4244: '=' : conversion from 'double' to 'float', possible loss of data
     1>c:\users\100490143\documents\github\flippinflapjacks\phase3\bankingsystem\transactionshelper.cpp(164): warning C4101: 'from_account_num' : unreferenced local variable
         Generating Code...
     1>Done Building Project "C:\Users\100490143\Documents\GitHub\FlippinFlapJacks\Phase3\BankingSystem\BankingSystem.vcxproj" (build target(s)) -- FAILED.

Build FAILED.

Time Elapsed 00:00:03.56
